<?xml version="1.0" encoding="UTF-8"?>
<testsuite xmlns:xsi="http://www.w3.org/2001/XMLSchema-instance" xsi:noNamespaceSchemaLocation="https://maven.apache.org/surefire/maven-surefire-plugin/xsd/surefire-test-report.xsd" version="3.0.2" name="com.ropa.tfg.RopaApplicationTests" time="10.69" tests="1" errors="0" skipped="0" failures="0">
  <properties>
[...]
</properties>
  <testcase name="contextLoads" classname="com.ropa.tfg.RopaApplicationTests" time="0.598">
    <system-out><![CDATA[11:57:58.280 [main] INFO org.springframework.test.context.support.AnnotationConfigContextLoaderUtils -- Could not detect default configuration classes for test class [com.ropa.tfg.RopaApplicationTests]: RopaApplicationTests does not declare any static, non-private, non-final, nested classes annotated with @Configuration.
11:57:58.483 [main] INFO org.springframework.boot.test.context.SpringBootTestContextBootstrapper -- Found @SpringBootConfiguration com.ropa.tfg.RopaApplication for test class com.ropa.tfg.RopaApplicationTests
11:57:58.812 [main] INFO org.springframework.boot.devtools.restart.RestartApplicationListener -- Restart disabled due to context in which it is running

  .   ____          _            __ _ _
 /\\ / ___'_ __ _ _(_)_ __  __ _ \ \ \ \
( ( )\___ | '_ | '_| | '_ \/ _` | \ \ \ \
 \\/  ___)| |_)| | | | | || (_| |  ) ) ) )
  '  |____| .__|_| |_|_| |_\__, | / / / /
 =========|_|==============|___/=/_/_/_/

 :: Spring Boot ::                (v3.5.7)

2025-12-09T11:57:59.359+01:00  INFO 19228 --- [Ropa] [           main] com.ropa.tfg.RopaApplicationTests        : Starting RopaApplicationTests using Java 17.0.17 with PID 19228 (started by practicas_psicofunda in C:\Users\practicas_psicofunda\Desktop\tfgropa\api)
2025-12-09T11:57:59.362+01:00  INFO 19228 --- [Ropa] [           main] com.ropa.tfg.RopaApplicationTests        : No active profile set, falling back to 1 default profile: "default"
2025-12-09T11:58:00.755+01:00  INFO 19228 --- [Ropa] [           main] .s.d.r.c.RepositoryConfigurationDelegate : Bootstrapping Spring Data JPA repositories in DEFAULT mode.
2025-12-09T11:58:00.917+01:00  INFO 19228 --- [Ropa] [           main] .s.d.r.c.RepositoryConfigurationDelegate : Finished Spring Data repository scanning in 144 ms. Found 5 JPA repository interfaces.
2025-12-09T11:58:02.044+01:00  INFO 19228 --- [Ropa] [           main] o.hibernate.jpa.internal.util.LogHelper  : HHH000204: Processing PersistenceUnitInfo [name: default]
2025-12-09T11:58:02.185+01:00  INFO 19228 --- [Ropa] [           main] org.hibernate.Version                    : HHH000412: Hibernate ORM core version 6.6.33.Final
2025-12-09T11:58:02.274+01:00  INFO 19228 --- [Ropa] [           main] o.h.c.internal.RegionFactoryInitiator    : HHH000026: Second-level cache disabled
2025-12-09T11:58:02.922+01:00  INFO 19228 --- [Ropa] [           main] o.s.o.j.p.SpringPersistenceUnitInfo      : No LoadTimeWeaver setup: ignoring JPA class transformer
2025-12-09T11:58:03.006+01:00  INFO 19228 --- [Ropa] [           main] com.zaxxer.hikari.HikariDataSource       : HikariPool-1 - Starting...
2025-12-09T11:58:03.482+01:00  INFO 19228 --- [Ropa] [           main] com.zaxxer.hikari.pool.HikariPool        : HikariPool-1 - Added connection com.mysql.cj.jdbc.ConnectionImpl@40538370
2025-12-09T11:58:03.488+01:00  INFO 19228 --- [Ropa] [           main] com.zaxxer.hikari.HikariDataSource       : HikariPool-1 - Start completed.
2025-12-09T11:58:03.556+01:00  WARN 19228 --- [Ropa] [           main] org.hibernate.dialect.Dialect            : HHH000511: The 5.5.5 version for [org.hibernate.dialect.MySQLDialect] is no longer supported, hence certain features may not work properly. The minimum supported version is 8.0.0. Check the community dialects project for available legacy versions.
2025-12-09T11:58:03.563+01:00  WARN 19228 --- [Ropa] [           main] org.hibernate.orm.deprecation            : HHH90000025: MySQLDialect does not need to be specified explicitly using 'hibernate.dialect' (remove the property setting and it will be selected by default)
2025-12-09T11:58:03.610+01:00  INFO 19228 --- [Ropa] [           main] org.hibernate.orm.connections.pooling    : HHH10001005: Database info:
	Database JDBC URL [Connecting through datasource 'HikariDataSource (HikariPool-1)']
	Database driver: undefined/unknown
	Database version: 5.5.5
	Autocommit mode: undefined/unknown
	Isolation level: undefined/unknown
	Minimum pool size: undefined/unknown
	Maximum pool size: undefined/unknown
2025-12-09T11:58:04.984+01:00  INFO 19228 --- [Ropa] [           main] o.h.e.t.j.p.i.JtaPlatformInitiator       : HHH000489: No JTA platform available (set 'hibernate.transaction.jta.platform' to enable JTA platform integration)
2025-12-09T11:58:05.227+01:00  INFO 19228 --- [Ropa] [           main] j.LocalContainerEntityManagerFactoryBean : Initialized JPA EntityManagerFactory for persistence unit 'default'
2025-12-09T11:58:05.799+01:00  INFO 19228 --- [Ropa] [           main] o.s.d.j.r.query.QueryEnhancerFactory     : Hibernate is in classpath; If applicable, HQL parser will be used.
2025-12-09T11:58:06.883+01:00  WARN 19228 --- [Ropa] [           main] JpaBaseConfiguration$JpaWebConfiguration : spring.jpa.open-in-view is enabled by default. Therefore, database queries may be performed during view rendering. Explicitly configure spring.jpa.open-in-view to disable this warning
2025-12-09T11:58:07.304+01:00  WARN 19228 --- [Ropa] [           main] .s.s.UserDetailsServiceAutoConfiguration : 

Using generated security password: a468cbe4-8346-4c74-8df8-84b5e2c2e9d8

This generated password is for development use only. Your security configuration must be updated before running your application in production.

2025-12-09T11:58:07.317+01:00  INFO 19228 --- [Ropa] [           main] r$InitializeUserDetailsManagerConfigurer : Global AuthenticationManager configured with UserDetailsService bean with name inMemoryUserDetailsManager
2025-12-09T11:58:08.119+01:00  INFO 19228 --- [Ropa] [           main] com.ropa.tfg.RopaApplicationTests        : Started RopaApplicationTests in 9.333 seconds (process running for 11.086)
]]></system-out>
  </testcase>
</testsuite>